Performing C SOURCE FILE Test CMAKE_HAVE_LIBC_PTHREAD failed with the following output:
Change Dir: /storage/coda1/p-zjiang33/0/shared/Grain-Charging-Simulations/build-sphere-charging/CMakeFiles/CMakeTmp

Run Build Command(s):/usr/bin/gmake -f Makefile cmTC_2aced/fast && /usr/bin/gmake  -f CMakeFiles/cmTC_2aced.dir/build.make CMakeFiles/cmTC_2aced.dir/build
gmake[1]: Entering directory `/storage/coda1/p-zjiang33/0/shared/Grain-Charging-Simulations/build-sphere-charging/CMakeFiles/CMakeTmp'
Building C object CMakeFiles/cmTC_2aced.dir/src.c.o
/usr/local/pace-apps/spack/packages/linux-rhel7-x86_64_v3/gcc-4.8.5/gcc-12.1.0-qgxpzkq64xukc4zdq2cucb5pw5iqrzjg/bin/gcc -DCMAKE_HAVE_LIBC_PTHREAD   -o CMakeFiles/cmTC_2aced.dir/src.c.o -c /storage/coda1/p-zjiang33/0/shared/Grain-Charging-Simulations/build-sphere-charging/CMakeFiles/CMakeTmp/src.c
Linking C executable cmTC_2aced
/storage/pace-apps/spack/packages/linux-rhel7-x86_64/gcc-4.8.5/cmake-3.23.1-327dblnbramviejdezocehqsujhu7yyg/bin/cmake -E cmake_link_script CMakeFiles/cmTC_2aced.dir/link.txt --verbose=1
/usr/local/pace-apps/spack/packages/linux-rhel7-x86_64_v3/gcc-4.8.5/gcc-12.1.0-qgxpzkq64xukc4zdq2cucb5pw5iqrzjg/bin/gcc CMakeFiles/cmTC_2aced.dir/src.c.o -o cmTC_2aced 
/usr/local/pace-apps/spack/packages/linux-rhel7-x86_64_v3/gcc-4.8.5/binutils-2.38-c7qji3msh765tlrkot4gdxsjzi6n5eph/bin/ld: CMakeFiles/cmTC_2aced.dir/src.c.o: in function `main':
src.c:(.text+0x2d): undefined reference to `pthread_create'
/usr/local/pace-apps/spack/packages/linux-rhel7-x86_64_v3/gcc-4.8.5/binutils-2.38-c7qji3msh765tlrkot4gdxsjzi6n5eph/bin/ld: src.c:(.text+0x39): undefined reference to `pthread_detach'
/usr/local/pace-apps/spack/packages/linux-rhel7-x86_64_v3/gcc-4.8.5/binutils-2.38-c7qji3msh765tlrkot4gdxsjzi6n5eph/bin/ld: src.c:(.text+0x45): undefined reference to `pthread_cancel'
/usr/local/pace-apps/spack/packages/linux-rhel7-x86_64_v3/gcc-4.8.5/binutils-2.38-c7qji3msh765tlrkot4gdxsjzi6n5eph/bin/ld: src.c:(.text+0x56): undefined reference to `pthread_join'
/usr/local/pace-apps/spack/packages/linux-rhel7-x86_64_v3/gcc-4.8.5/binutils-2.38-c7qji3msh765tlrkot4gdxsjzi6n5eph/bin/ld: src.c:(.text+0x6a): undefined reference to `pthread_atfork'
collect2: error: ld returned 1 exit status
gmake[1]: *** [cmTC_2aced] Error 1
gmake[1]: Leaving directory `/storage/coda1/p-zjiang33/0/shared/Grain-Charging-Simulations/build-sphere-charging/CMakeFiles/CMakeTmp'
gmake: *** [cmTC_2aced/fast] Error 2


Source file was:
#include <pthread.h>

static void* test_func(void* data)
{
  return data;
}

int main(void)
{
  pthread_t thread;
  pthread_create(&thread, NULL, test_func, NULL);
  pthread_detach(thread);
  pthread_cancel(thread);
  pthread_join(thread, NULL);
  pthread_atfork(NULL, NULL, NULL);
  pthread_exit(NULL);

  return 0;
}

