---------------------------------------
Begin Slurm Prolog: Aug-22-2025 13:45:31
Job ID:    218010
User ID:   avira7
Account:   gts-pf17
Job name:  Iteration0_Array
Partition: cpu-small
QOS:       inferno
---------------------------------------
Running task 3: ./charging_sphere macros/02_iteration0_num100000.mac

**************************************************************
 Geant4 version Name: geant4-11-03 [MT]   (6-December-2024)
                       Copyright : Geant4 Collaboration
                      References : NIM A 506 (2003), 250-303
                                 : IEEE-TNS 53 (2006), 270-278
                                 : NIM A 835 (2016), 186-225
                             WWW : http://geant4.org/
**************************************************************

G4PhysListFactory::GetReferencePhysList <FTFP_BERT_EMX>  EMoption= 2
<<< Geant4 Physics List simulation engine: FTFP_BERT

G4VModularPhysicsList::ReplacePhysics: G4EmStandard with type : 2 is replaced with G4EmStandard_opt2

G4VModularPhysicsList::ReplacePhysics: G4EmStandard_opt2 with type : 2 is replaced with G4EmStandard_opt4
Opening ROOT file: root/02_iteration0_num100000.root
Auto Defaulted To 50 um Sphere.
Creating SD with name:sensitive_detector_name
### Adding tracking cuts for neutron  TimeCut(ns)= 10000  KinEnergyCut(MeV)= 0

========= Table of registered couples ============================

Index : 0     used in the geometry : Yes
 Material : G4_Galactic
 Range cuts        :  gamma  700 um     e-  700 um     e+  700 um  proton 700 um 
 Energy thresholds :  gamma  990 eV     e-  990 eV     e+  990 eV  proton 70 keV
 Region(s) which use this couple : 
    DefaultRegionForTheWorld

Index : 1     used in the geometry : Yes
 Material : G4_SILICON_DIOXIDE
 Range cuts        :  gamma  700 um     e-  700 um     e+  700 um  proton 700 um 
 Energy thresholds :  gamma  4.822 keV    e-  432.879 keV    e+  418.584 keV proton 70 keV
 Region(s) which use this couple : 
    DefaultRegionForTheWorld

==================================================================

### Run 0 starts.

--------- Ranecu engine status ---------
 Initial seed (index) = 0
 Current couple of seeds = 10008859, 10005380
----------------------------------------
--> Event 0 starts.
--> Event 10000 starts.
--> Event 20000 starts.
--> Event 30000 starts.
--> Event 40000 starts.
--> Event 50000 starts.
--> Event 60000 starts.
--> Event 70000 starts.
--> Event 80000 starts.
--> Event 90000 starts.
 Run terminated.
Run Summary
  Number of events processed : 100000
  User=5.080000s Real=251.393027s Sys=16.250000s [Cpu=8.5%]

--------- Ranecu engine status ---------
 Initial seed (index) = 0
 Current couple of seeds = 490015776, 1267673826
----------------------------------------
... write file : root/02_iteration0_num100000.root - done
... close file : root/02_iteration0_num100000.root - done
Elapsed time: User=5.090000s Real=252.269793s Sys=16.250000s [Cpu=8.5%]
================== Deleting memory pools ===================
Number of memory pools allocated: 12; of which, static: 1
Dynamic pools deleted: 11 / Total memory freed: 0.024 MB
============================================================
Fri Aug 22 01:51:46 PM EDT 2025
---------------------------------------
Begin Slurm Epilog: Aug-22-2025 13:51:46
Job ID:        218010
Array Job ID:  218006_3
User ID:       avira7
Account:       gts-pf17
Job name:      Iteration0_Array
Resources:     cpu=64,mem=128G,node=4
Rsrc Used:     cput=06:41:04,vmem=0,walltime=00:06:16,mem=73136K,energy_used=0
Partition:     cpu-small
QOS:           inferno
Nodes:         atl1-1-02-012-16-[1-2],atl1-1-02-012-17-1,atl1-1-02-012-35-2
---------------------------------------
